[debug] [2017-10-29T10:15:12.564Z] ----------------------------------------------------------------------
[debug] [2017-10-29T10:15:12.568Z] Command:       /usr/bin/node /usr/bin/firebase deploy
[debug] [2017-10-29T10:15:12.568Z] CLI Version:   3.12.0
[debug] [2017-10-29T10:15:12.568Z] Platform:      linux
[debug] [2017-10-29T10:15:12.568Z] Node Version:  v6.11.3
[debug] [2017-10-29T10:15:12.568Z] Time:          Sun Oct 29 2017 11:15:12 GMT+0100 (CET)
[debug] [2017-10-29T10:15:12.568Z] ----------------------------------------------------------------------
[debug] 
[debug] [2017-10-29T10:15:12.580Z] > command requires scopes: ["email","openid","https://www.googleapis.com/auth/cloudplatformprojects.readonly","https://www.googleapis.com/auth/firebase","https://www.googleapis.com/auth/cloud-platform"]
[debug] [2017-10-29T10:15:12.580Z] > authorizing via signed-in user
[debug] [2017-10-29T10:15:12.585Z] >>> HTTP REQUEST GET https://admin.firebase.com/v1/projects/casarural-78aea  
 Sun Oct 29 2017 11:15:12 GMT+0100 (CET)
[debug] [2017-10-29T10:15:13.531Z] <<< HTTP RESPONSE 200
[debug] [2017-10-29T10:15:13.532Z] >>> HTTP REQUEST GET https://admin.firebase.com/v1/database/casarural-78aea/tokens  
 Sun Oct 29 2017 11:15:13 GMT+0100 (CET)
[debug] [2017-10-29T10:15:14.175Z] <<< HTTP RESPONSE 200
[info] 
[info] === Deploying to 'casarural-78aea'...
[info] 
[info] i  deploying database, hosting
[info] ✔  database: rules ready to deploy.
[info] i  hosting: preparing public directory for upload...
[debug] [2017-10-29T10:15:21.408Z] >>> HTTP REQUEST PUT https://deploy.firebase.com/v1/hosting/casarural-78aea/uploads/-KxbcCZmTM5ozoX4ZoeK?fileCount=96&message=  
 Sun Oct 29 2017 11:15:21 GMT+0100 (CET)
